# Policy : SCHED_OTHER priority : 0
#idx     perf      run   period           start             end          rel_st      slack      c_run   c_period     wu_lat
   0     9014     1294    32432      1916367898      1916400331             450      30690       3200      32000        444
   0     9014     1516    31993      1916400344      1916432337           32896      30022       3200      32000        451
   0     9014     1789    32010      1916432352      1916464362           64904      29741       3200      32000        476
   0     9014     2322    32020      1916464379      1916496399           96931      29180       3200      32000        512
   0     9014     3219    31947      1916496425      1916528371          128977      28237       3200      32000        484
   0     9014     3088    31985      1916528396      1916560382          160948      28396       3200      32000        494
   0     9014     3088    31964      1916560407      1916592371          192959      28385       3200      32000        484
   0     9014     3088    31975      1916592397      1916624372          224949      28396       3200      32000        484
   0     9014     3088    31977      1916624398      1916656374          256949      28395       3200      32000        487
   0     9014     3088    31974      1916656400      1916688374          288952      28392       3200      32000        486
   0     9014     3088    31974      1916688400      1916720373          320952      28393       3200      32000        486
   0     9014     3088    31977      1916720399      1916752376          352951      28393       3200      32000        489
   0     9014     3107    31959      1916752402      1916784361          384954      28371       3200      32000        473
   0     9014     3088    32300      1916784386      1916816687          416938      28406       3200      32000        799
   0     9014     3974    31503      1916816712      1916848215          449264      27194       3200      32000        329
   0     9014     4068    31977      1916848230      1916880207          480782      27584       3200      32000        322
   0     9014     3946    31989      1916880222      1916912211          512774      27714       3200      32000        325
   0     9014     4067    31983      1916912226      1916944209          544778      27589       3200      32000        324
   0     9014     4067    31984      1916944224      1916976208          576776      27591       3200      32000        322
   0     9014     4066    32162      1916976223      1917008385          608775      27593       3200      32000        499
   0     9014     4577    31802      1917008409      1917040210          640960      26896       3200      32000        324
   0     9014     4073    31981      1917040225      1917072206          672777      27584       3200      32000        321
   0     9014     3946    31985      1917072221      1917104206          704773      27715       3200      32000        320
   0     9014     4073    31985      1917104221      1917136206          736773      27588       3200      32000        320
   0     9014     3962    31986      1917136221      1917168207          768773      27699       3200      32000        321
   0     9014     3946    31985      1917168222      1917200207          800774      27714       3200      32000        321
   0     9014     4073    31987      1917200222      1917232209          832774      27587       3200      32000        323
   0     9014     4075    31985      1917232224      1917264208          864776      27584       3200      32000        323
   0     9014     3952    31981      1917264224      1917296205          896775      27706       3200      32000        319
   0     9014     4074    31987      1917296220      1917328206          928772      27588       3200      32000        321
   0     9014     4082    31985      1917328221      1917360206          960773      27578       3200      32000        320
   0     9014     4075    31987      1917360221      1917392208          992773      27586       3200      32000        322
   0     9014     4081    31851      1917392356      1917424207         1024908      27444       3200      32000        321
   0     9014     4049    31985      1917424222      1917456207         1056774      27611       3200      32000        322
   0     9014     3947    31992      1917456222      1917488215         1088774      27713       3200      32000        329
   0     9014     4073    31979      1917488229      1917520208         1120781      27579       3200      32000        323
   0     9014     4085    31983      1917520223      1917552207         1152775      27573       3200      32000        321
   0     9014     4049    31986      1917552222      1917584208         1184773      27611       3200      32000        322
   0     9014     3964    31984      1917584223      1917616206         1216775      27695       3200      32000        321
   0     9014     3946    31993      1917616221      1917648215         1248773      27715       3200      32000        329
   0     9014     3945    31976      1917648230      1917680206         1280782      27707       3200      32000        320
   0     9014     3946    31986      1917680221      1917712207         1312773      27714       3200      32000        321
   0     9014     4089    31985      1917712222      1917744207         1344774      27571       3200      32000        321
   0     9014     3945    32169      1917744222      1917776391         1376774      27715       3200      32000        505
   0     9014     4605    31795      1917776415      1917808209         1408966      26861       3200      32000        324
   0     9014     3946    31982      1917808224      1917840206         1440776      27711       3200      32000        321
   0     9014     3975    31989      1917840221      1917872210         1472773      27686       3200      32000        324
   0     9014     3946    31982      1917872225      1917904207         1504777      27711       3200      32000        321
   0     9014     3946    31985      1917904222      1917936207         1536774      27714       3200      32000        321
   0     9014     4090    31985      1917936222      1917968207         1568774      27570       3200      32000        321
   0     9014     4075    32170      1917968222      1918000392         1600774      27585       3200      32000        505
   0     9014     4550    31795      1918000415      1918032210         1632967      26916       3200      32000        325
   0     9014     3951    31983      1918032225      1918064208         1664777      27705       3200      32000        322
   0     9014     4068    31984      1918064223      1918096207         1696775      27591       3200      32000        322
   0     9014     3946    31985      1918096222      1918128208         1728774      27713       3200      32000        322
   0     9014     3947    31989      1918128223      1918160212         1760775      27712       3200      32000        327
   0     9014     3947    31981      1918160227      1918192208         1792779      27708       3200      32000        323
   0     9014     4087    31986      1918192223      1918224209         1824775      27572       3200      32000        324
   0     9014     4073    31984      1918224224      1918256208         1856776      27585       3200      32000        322
   0     9014     3946    31989      1918256223      1918288212         1888774      27713       3200      32000        326
   0     9014     4080    31981      1918288227      1918320208         1920779      27575       3200      32000        323
   0     9014     4087    31984      1918320223      1918352207         1952775      27572       3200      32000        322
   0    31549    13990    32001      1918352222      1918384223         1984774      17670      11200      32000        338
   0    31549    12850    32487      1918384238      1918416725         2016790      18794      11200      32000        838
   0    31549     8286    31596      1918416748      1918448343         2049300      22846      11200      32000        457
   0    31549     7845    31881      1918448436      1918480317         2080987      23601      11200      32000        430
   0    31549     7825    31982      1918480334      1918512316         2112886      23722      11200      32000        430
   0    31549     7830    31984      1918512333      1918544317         2144885      23719      11200      32000        430
   0    31549     7824    31984      1918544334      1918576317         2176885      23724      11200      32000        431
   0    31549     7824    31983      1918576334      1918608317         2208886      23723      11200      32000        431
   0    31549     7862    31983      1918608334      1918640317         2240886      23685      11200      32000        431
   0    31549     7849    31983      1918640334      1918672317         2272886      23698      11200      32000        430
   0    31549     7841    31979      1918672334      1918704313         2304885      23707      11200      32000        426
   0    31549     7776    31988      1918704330      1918736318         2336882      23775      11200      32000        432
   0    31549     7838    31983      1918736335      1918768319         2368887      23709      11200      32000        432
   0    31549     7830    31987      1918768336      1918800323         2400888      23715      11200      32000        436
   0    31549     7934    31979      1918800340      1918832319         2432891      23607      11200      32000        432
   0    31549     7824    31982      1918832336      1918864318         2464888      23722      11200      32000        432
   0    31549     7840    31990      1918864335      1918896325         2496887      23706      11200      32000        438
   0    31549     7856    31977      1918896342      1918928319         2528893      23684      11200      32000        432
   0    31549     7866    31983      1918928336      1918960319         2560887      23680      11200      32000        432
   0    31549     7825    31987      1918960335      1918992323         2592887      23721      11200      32000        436
   0    31549     7840    31983      1918992340      1919024323         2624892      23701      11200      32000        437
   0    31549     7831    31983      1919024341      1919056325         2656893      23709      11200      32000        438
   0    31549     7864    31980      1919056342      1919088323         2688894      23674      11200      32000        436
   0    31549     7851    31984      1919088341      1919120325         2720892      23690      11200      32000        438
   0    31549     7837    31981      1919120342      1919152323         2752894      23701      11200      32000        436
   0    31549     7857    31984      1919152341      1919184325         2784893      23683      11200      32000        438
   0    31549     7865    31980      1919184343      1919216323         2816894      23674      11200      32000        436
   0    31549     7851    31984      1919216341      1919248325         2848893      23690      11200      32000        439
   0    31549     7850    31981      1919248343      1919280323         2880895      23689      11200      32000        437
   0    31549     7857    31981      1919280341      1919312323         2912893      23683      11200      32000        436
   0    31549     7861    31984      1919312340      1919344324         2944892      23680      11200      32000        437
   0    31549     7851    31982      1919344342      1919376323         2976893      23689      11200      32000        436
   0    31549     7826    31989      1919376341      1919408330         3008893      23715      11200      32000        443
   0    31549     7787    31976      1919408347      1919440323         3040899      23747      11200      32000        437
   0    31549     7826    31982      1919440341      1919472323         3072893      23714      11200      32000        437
   0    31549     7845    31981      1919472341      1919504323         3104893      23695      11200      32000        436
   0    31549     7853    31907      1919504415      1919536322         3136967      23612      11200      32000        436
   0    31549     7851    31982      1919536340      1919568322         3168892      23690      11200      32000        435
   0    31549     7824    31984      1919568339      1919600323         3200891      23718      11200      32000        436
   0    31549     7871    31982      1919600340      1919632322         3232892      23670      11200      32000        436
   0    31549     7848    31982      1919632340      1919664322         3264892      23694      11200      32000        436
   0    31549     7841    31984      1919664340      1919696324         3296892      23701      11200      32000        438
   0    31549     7851    31981      1919696342      1919728323         3328894      23688      11200      32000        437
   0    31549     7867    31983      1919728341      1919760324         3360893      23673      11200      32000        437
   0    31549     7828    31981      1919760342      1919792322         3392894      23712      11200      32000        436
   0    31549     7837    32111      1919792340      1919824451         3424892      23704      11200      32000        564
   0    31549     8253    31847      1919824475      1919856322         3457026      23154      11200      32000        435
   0    31549     7841    31982      1919856339      1919888321         3488891      23701      11200      32000        435
   0    31549     7826    31989      1919888339      1919920328         3520891      23716      11200      32000        441
   0    31549     7870    31977      1919920346      1919952323         3552897      23665      11200      32000        436
   0    31549     7773    31984      1919952341      1919984325         3584893      23767      11200      32000        438
   0    31549     7838    31981      1919984343      1920016324         3616895      23701      11200      32000        437
   0    31549     7826    31984      1920016342      1920048325         3648893      23714      11200      32000        439
   0    31549     7845    31979      1920048343      1920080322         3680895      23693      11200      32000        436
   0    31549     7826    31984      1920080340      1920112324         3712892      23715      11200      32000        438
   0    31549     7839    31982      1920112342      1920144324         3744894      23700      11200      32000        437
   0    31549     7851    32005      1920144342      1920176347         3776894      23689      11200      32000        460
   0    31549     7870    31981      1920176365      1920208346         3808916      23647      11200      32000        459
   0    31549     7854    31977      1920208365      1920240342         3840917      23661      11200      32000        455
   0    31549     7891    31980      1920240362      1920272342         3872914      23629      11200      32000        456
   0    31549     7878    31982      1920272362      1920304344         3904914      23641      11200      32000        457
   0    31549     7873    31979      1920304364      1920336343         3936916      23644      11200      32000        456
   0    54084    13474    31981      1920336363      1920368344         3968915      18044      19200      32000        457
   0    54084    13420    31980      1920368364      1920400344         4000916      18097      19200      32000        457
   0    54084    13417    31981      1920400363      1920432344         4032915      18100      19200      32000        457
   0    54084    13474    31979      1920432363      1920464342         4064915      18044      19200      32000        456
   0    54084    13448    31981      1920464362      1920496343         4096914      18070      19200      32000        456
   0    54084    13396    31981      1920496363      1920528343         4128915      18123      19200      32000        457
   0    54084    13396    31980      1920528363      1920560343         4160915      18122      19200      32000        456
   0    54084    13345    31896      1920560448      1920592344         4193000      18088      19200      32000        457
   0    54084    13398    31979      1920592364      1920624343         4224915      18119      19200      32000        456
   0    54084    13428    31982      1920624363      1920656345         4256915      18090      19200      32000        458
   0    54084    13458    31981      1920656364      1920688345         4288916      18059      19200      32000        458
   0    54084    13392    31978      1920688365      1920720343         4320917      18124      19200      32000        456
   0    54084    13434    31980      1920720363      1920752344         4352915      18084      19200      32000        457
   0    54084    13421    32006      1920752364      1920784370         4384916      18096      19200      32000        482
   0    54084    11761    32136      1920784389      1920816525         4416941      19731      19200      32000        637
   0    54084    13827    31839      1920816550      1920848389         4449102      17504      19200      32000        502
   0    54084    13428    31973      1920848409      1920880382         4480961      18044      19200      32000        495
   0    54084    13423    31978      1920880402      1920912380         4512954      18056      19200      32000        493
   0    54084    13442    31985      1920912399      1920944384         4544951      18039      19200      32000        498
   0    54084    13396    31941      1920944404      1920976345         4576956      18081      19200      32000        458
   0    54084    13456    31980      1920976365      1921008344         4608916      18060      19200      32000        457
   0    54084    13420    31981      1921008364      1921040345         4640916      18097      19200      32000        459
   0    54084    13457    31978      1921040365      1921072343         4672917      18059      19200      32000        456
   0    54084    13448    32021      1921072363      1921104384         4704915      18071      19200      32000        497
   0    54084    13429    31977      1921104404      1921136382         4736956      18048      19200      32000        495
   0    54084    13397    31944      1921136401      1921168345         4768953      18083      19200      32000        458
   0    54084    13404    31982      1921168364      1921200346         4800916      18113      19200      32000        459
   0    54084    13448    32017      1921200366      1921232382         4832917      18068      19200      32000        495
   0    54084    13416    31980      1921232402      1921264382         4864954      18063      19200      32000        495
   0    54084    13396    31982      1921264402      1921296384         4896954      18083      19200      32000        497
   0    54084    13422    31940      1921296404      1921328344         4928956      18055      19200      32000        457
   0    54084    13402    32019      1921328363      1921360383         4960915      18116      19200      32000        496
   0    54084    13452    31941      1921360403      1921392344         4992954      18027      19200      32000        456
   0    54084    13387    32023      1921392364      1921424386         5024915      18130      19200      32000        499
   0    54084    13439    31938      1921424406      1921456344         5056958      18036      19200      32000        457
   0    54084    13433    31982      1921456364      1921488345         5088916      18085      19200      32000        458
   0    54084    13363    31981      1921488365      1921520346         5120917      18153      19200      32000        459
   0    54084    13422    31980      1921520367      1921552347         5152918      18092      19200      32000        460
   0    54084    13448    31979      1921552366      1921584346         5184918      18067      19200      32000        459
   0    54084    13445    31980      1921584365      1921616344         5216916      18072      19200      32000        458
   0    54084    13490    31924      1921616461      1921648385         5249013      17930      19200      32000        498
   0    54084    13445    31939      1921648405      1921680343         5280957      18032      19200      32000        456
   0    54084    13398    31982      1921680364      1921712345         5312915      18120      19200      32000        458
   0    54084    13396    31979      1921712365      1921744344         5344916      18120      19200      32000        457
   0    54084    13440    31982      1921744363      1921776345         5376915      18078      19200      32000        458
   0    54084    13487    32158      1921776365      1921808522         5408916      18029      19200      32000        635
   0    54084    13813    31839      1921808548      1921840387         5441100      17519      19200      32000        501
   0    54084    13448    31936      1921840407      1921872343         5472959      18026      19200      32000        457
   0    54084    13471    32022      1921872363      1921904385         5504914      18048      19200      32000        498
   0    54084    13422    31981      1921904405      1921936386         5536957      18055      19200      32000        499
   0    54084    13497    31976      1921936406      1921968382         5568958      17978      19200      32000        495
   0    54084    13446    31988      1921968402      1922000390         5600954      18033      19200      32000        503
   0    54084    13441    31932      1922000410      1922032342         5632962      18030      19200      32000        455
   0    54084    13441    32020      1922032362      1922064382         5664914      18078      19200      32000        495
   0    54084    13374    31944      1922064402      1922096346         5696954      18106      19200      32000        459
   0    54084    13419    31977      1922096366      1922128343         5728918      18096      19200      32000        456
   0    54084    13477    32018      1922128364      1922160382         5760915      18041      19200      32000        495
   0    54084    13448    31979      1922160401      1922192380         5792953      18032      19200      32000        493
   0    54084    13398    31944      1922192400      1922224344         5824952      18083      19200      32000        457
   0    54084    13482    32021      1922224364      1922256385         5856915      18036      19200      32000        498
   0    54084    13466    31980      1922256405      1922288384         5888956      18010      19200      32000        498
   0    54084    13407    31978      1922288404      1922320382         5920956      18070      19200      32000        495
